Arguments: 
  /home/season/.nvm/versions/node/v14.15.4/bin/node /home/season/.nvm/versions/node/v14.15.4/bin/yarn

PATH: 
  /home/season/.nvm/versions/node/v14.15.4/bin:/usr/local/sbin:/usr/local/bin:/usr/sbin:/usr/bin:/sbin:/bin:/usr/games:/usr/local/games:/mnt/c/Windows/system32:/mnt/c/Windows:/mnt/c/Windows/System32/Wbem:/mnt/c/Windows/System32/WindowsPowerShell/v1.0/:/mnt/c/Windows/System32/OpenSSH/:/mnt/c/Software/nvm:/mnt/c/Software/nodejs:/mnt/c/Program Files/Docker/Docker/resources/bin:/mnt/c/ProgramData/DockerDesktop/version-bin:/mnt/c/Program Files/Pandoc/:/mnt/c/Users/season/AppData/Local/Microsoft/WindowsApps:/mnt/c/Software/Microsoft VS Code/bin:/mnt/c/Users/season/AppData/Local/GitHubDesktop/bin:/mnt/c/Software/nvm:/mnt/c/Software/nodejs:/snap/bin

Yarn version: 
  1.22.10

Node version: 
  14.15.4

Platform: 
  linux x64

Trace: 
  Error: https://registry.npm.taobao.org/vuepress: tunneling socket could not be established, cause=connect ECONNREFUSED 127.0.0.1:7890
      at ClientRequest.onError (/home/season/.nvm/versions/node/v14.15.4/lib/node_modules/yarn/lib/cli.js:152235:17)
      at Object.onceWrapper (events.js:422:26)
      at ClientRequest.emit (events.js:315:20)
      at Socket.socketErrorListener (_http_client.js:469:9)
      at Socket.emit (events.js:315:20)
      at emitErrorNT (internal/streams/destroy.js:106:8)
      at emitErrorCloseNT (internal/streams/destroy.js:74:3)
      at processTicksAndRejections (internal/process/task_queues.js:80:21)

npm manifest: 
  {
    "name": "vuepress-theme-reco-demo",
    "version": "1.0.0",
    "author": "reco_luan",
    "scripts": {
      "dev": "vuepress dev . --open --host \"localhost\"",
      "build": "vuepress build ."
    },
    "devDependencies": {
      "vuepress": "1.7.1",
      "vuepress-theme-reco": "1.6.1"
    }
  }

yarn manifest: 
  No manifest

Lockfile: 
  No lockfile
